Starting Dynare (version 6.1).
Calling Dynare with arguments: none
Starting preprocessing of the model file ... 
Found 9 equation(s). 
Evaluating expressions... 
Computing static model derivatives (order 1). 
Normalizing the static model... 
Finding the optimal block decomposition of the static model... 
4 block(s) found: 
  3 recursive block(s) and 1 simultaneous block(s). 
  the largest simultaneous block has 5 equation(s) 
                                 and 5 feedback variable(s). 
Computing dynamic model derivatives (order 1). 
Normalizing the dynamic model... 
Finding the optimal block decomposition of the dynamic model... 
4 block(s) found: 
  3 recursive block(s) and 1 simultaneous block(s). 
  the largest simultaneous block has 5 equation(s) 
                                 and 5 feedback variable(s). 
Preprocessing completed. 
Preprocessing time: 0h00m00s.
title_string =
    'Economy with indivisble labor'
[Warning: Some of the parameters have no value (B) when using steady. If these parameters are not initialized in a steadystate file or a steady_state_model-block, Dynare may not be able to solve the
model. Note that simul, perfect_foresight_setup, and perfect_foresight_solver do not automatically call the steady state file.] 

STEADY-STATE RESULTS:

c            		 0.832039
w            		 2.3706
r            		 0.035101
y            		 1.11894
h            		 0.302084
k            		 11.476
invest       		 0.286899
lambda       		 1
productivity 		 3.70406

EIGENVALUES:
         Modulus             Real        Imaginary
          0.9418           0.9418                0
            0.95             0.95                0
           1.073            1.073                0
             Inf             -Inf                0

There are 2 eigenvalue(s) larger than 1 in modulus for 2 forward-looking variable(s)
The rank condition is verified.


STEADY-STATE RESULTS:

c            		 0.832039
w            		 2.3706
r            		 0.035101
y            		 1.11894
h            		 0.302084
k            		 11.476
invest       		 0.286899
lambda       		 1
productivity 		 3.70406

MODEL SUMMARY

  Number of variables:         9
  Number of stochastic shocks: 1
  Number of state variables:   2
  Number of jumpers:           2
  Number of static variables:  5


MATRIX OF COVARIANCE OF EXOGENOUS SHOCKS
Variables       eps_a
eps_a        0.000051

POLICY AND TRANSITION FUNCTIONS
                                   log(y)               log(c)          log(invest)               log(k)               log(h)    log(productivity)
Constant                         0.112380            -0.183876            -1.248625             2.440254            -1.197049             1.309429
log(k(-1))                       0.054955             0.531588            -1.327334             0.941817            -0.476633             0.531588
log(lambda(-1))                  1.844648             0.446761             5.898676             0.147467             1.397887             0.446761
eps_a                            1.941734             0.470274             6.209133             0.155228             1.471460             0.470274


THEORETICAL MOMENTS (HP filter, lambda = 1600)
VARIABLE                  MEAN  STD. DEV.   VARIANCE
log(y)                  0.1124     0.0180     0.0003
log(c)                 -0.1839     0.0052     0.0000
log(invest)            -1.2486     0.0576     0.0033
log(k)                  2.4403     0.0050     0.0000
log(h)                 -1.1970     0.0137     0.0002
log(productivity)       1.3094     0.0052     0.0000



MATRIX OF CORRELATIONS (HP filter, lambda = 1600)
Variables                       log(y)             log(c)        log(invest)             log(k)             log(h)  log(productivity)
log(y)                          1.0000             0.8690             0.9914             0.3546             0.9820             0.8690
log(c)                          0.8690             1.0000             0.7969             0.7709             0.7598             1.0000
log(invest)                     0.9914             0.7969             1.0000             0.2295             0.9982             0.7969
log(k)                          0.3546             0.7709             0.2295             1.0000             0.1716             0.7709
log(h)                          0.9820             0.7598             0.9982             0.1716             1.0000             0.7598
log(productivity)               0.8690             1.0000             0.7969             0.7709             0.7598             1.0000



COEFFICIENTS OF AUTOCORRELATION (HP filter, lambda = 1600)
Order                      1        2        3        4        5
log(y)                0.7149   0.4737   0.2740   0.1128  -0.0136
log(c)                0.8200   0.6395   0.4660   0.3052   0.1609
log(invest)           0.7047   0.4577   0.2555   0.0942  -0.0305
log(k)                0.9581   0.8572   0.7181   0.5579   0.3902
log(h)                0.7030   0.4549   0.2523   0.0910  -0.0334
log(productivity)     0.8200   0.6395   0.4660   0.3052   0.1609

MODEL SUMMARY

  Number of variables:         9
  Number of stochastic shocks: 1
  Number of state variables:   2
  Number of jumpers:           2
  Number of static variables:  5


MATRIX OF COVARIANCE OF EXOGENOUS SHOCKS
Variables       eps_a
eps_a        0.000051

POLICY AND TRANSITION FUNCTIONS
                                   log(y)               log(c)          log(invest)               log(k)               log(h)    log(productivity)
Constant                         0.112380            -0.183876            -1.248625             2.440254            -1.197049             1.309429
log(k(-1))                       0.054955             0.531588            -1.327334             0.941817            -0.476633             0.531588
log(lambda(-1))                  1.844648             0.446761             5.898676             0.147467             1.397887             0.446761
eps_a                            1.941734             0.470274             6.209133             0.155228             1.471460             0.470274


MOMENTS OF SIMULATED VARIABLES (HP filter, lambda = 1600)
VARIABLE                       MEAN       STD. DEV.        VARIANCE        SKEWNESS        KURTOSIS
log(y)                     0.096491        0.012504        0.000156        1.039785        0.345360
log(c)                    -0.183644        0.002926        0.000009        0.672722       -0.525221
log(invest)               -1.311265        0.040967        0.001678        1.073491        0.469198
log(k)                     2.446363        0.001963        0.000004       -0.310710       -0.737060
log(h)                    -1.213169        0.009832        0.000097        1.083242        0.510546
log(productivity)          1.309661        0.002926        0.000009        0.672722       -0.525221


CORRELATION OF SIMULATED VARIABLES (HP filter, lambda = 1600)
VARIABLE                        y             c        invest             k             h  productivity
log(y)                     1.0000        0.9327        0.9972        0.2336        0.9942        0.9327
log(c)                     0.9327        1.0000        0.9032        0.5685        0.8886        1.0000
log(invest)                0.9972        0.9032        1.0000        0.1604        0.9995        0.9032
log(k)                     0.2336        0.5685        0.1604        1.0000        0.1279        0.5685
log(h)                     0.9942        0.8886        0.9995        0.1279        1.0000        0.8886
log(productivity)          0.9327        1.0000        0.9032        0.5685        0.8886        1.0000


AUTOCORRELATION OF SIMULATED VARIABLES (HP filter, lambda = 1600)
VARIABLE                   1        2        3        4        5
log(y)                0.3461  -0.1407  -0.3628  -0.3376  -0.2867
log(c)                0.3407  -0.1342  -0.3886  -0.3366  -0.2775
log(invest)           0.3586  -0.1278  -0.3482  -0.3377  -0.2996
log(k)                0.7846   0.4237  -0.0210  -0.3338  -0.5790
log(h)                0.3651  -0.1208  -0.3410  -0.3377  -0.3063
log(productivity)     0.3407  -0.1342  -0.3886  -0.3366  -0.2775
