Starting Dynare (version 6.1).
Calling Dynare with arguments: none
Starting preprocessing of the model file ... 
Found 9 equation(s). 
Evaluating expressions... 
Computing static model derivatives (order 1). 
Normalizing the static model... 
Finding the optimal block decomposition of the static model... 
4 block(s) found: 
  3 recursive block(s) and 1 simultaneous block(s). 
  the largest simultaneous block has 5 equation(s) 
                                 and 5 feedback variable(s). 
Computing dynamic model derivatives (order 1). 
Normalizing the dynamic model... 
Finding the optimal block decomposition of the dynamic model... 
4 block(s) found: 
  3 recursive block(s) and 1 simultaneous block(s). 
  the largest simultaneous block has 5 equation(s) 
                                 and 5 feedback variable(s). 
Preprocessing completed. 
Preprocessing time: 0h00m00s.
title_string =
    'Economy with divisble labor'
[Warning: Some of the parameters have no value (B) when using steady. If these parameters are not initialized in a steadystate file or a steady_state_model-block, Dynare may not be able to solve the model.
Note that simul, perfect_foresight_setup, and perfect_foresight_solver do not automatically call the steady state file.] 

STEADY-STATE RESULTS:

c            		 0.828683
w            		 2.3706
r            		 0.035101
y            		 1.11442
h            		 0.300866
k            		 11.4297
invest       		 0.285742
lambda       		 1
productivity 		 3.70406

EIGENVALUES:
         Modulus             Real        Imaginary
            0.95             0.95                0
          0.9528           0.9528                0
            1.06             1.06                0
       3.396e+19        3.396e+19                0

There are 2 eigenvalue(s) larger than 1 in modulus for 2 forward-looking variable(s)
The rank condition is verified.


STEADY-STATE RESULTS:

c            		 0.828683
w            		 2.3706
r            		 0.035101
y            		 1.11442
h            		 0.300866
k            		 11.4297
invest       		 0.285742
lambda       		 1
productivity 		 3.70406

MODEL SUMMARY

  Number of variables:         9
  Number of stochastic shocks: 1
  Number of state variables:   2
  Number of jumpers:           2
  Number of static variables:  5


MATRIX OF COVARIANCE OF EXOGENOUS SHOCKS
Variables       eps_a
eps_a        0.000051

POLICY AND TRANSITION FUNCTIONS
                                   log(c)               log(w)               log(r)               log(y)               log(h)               log(k)          log(invest)          log(lambda)    log(productivity)
Constant                        -0.187918             0.863142            -3.349525             0.108338            -1.201091             2.436212            -1.252667                    0             1.309429
log(k(-1))                       0.565982             0.453825            -0.806800             0.193200            -0.260624             0.952802            -0.887907                    0             0.453825
log(lambda(-1))                  0.378152             0.689523             1.413070             1.413070             0.723547             0.110361             4.414448             0.950000             0.689523
eps_a                            0.398055             0.725814             1.487442             1.487442             0.761628             0.116170             4.646787             1.000000             0.725814


MOMENTS OF SIMULATED VARIABLES (HP filter, lambda = 1600)
VARIABLE                       MEAN       STD. DEV.        VARIANCE        SKEWNESS        KURTOSIS
log(c)                    -0.185232        0.002458        0.000006        0.718692       -0.439800
log(w)                     0.861878        0.004529        0.000021        0.938802        0.042734
log(r)                    -3.370627        0.010039        0.000101        1.086100        0.526281
log(y)                     0.097895        0.009520        0.000091        1.027981        0.305757
log(h)                    -1.210270        0.005050        0.000026        1.075782        0.479454
log(k)                     2.445390        0.001433        0.000002       -0.345355       -0.746644
log(invest)               -1.301189        0.030432        0.000926        1.064232        0.433364
log(lambda)               -0.008406        0.006456        0.000042        1.044637        0.362090
log(productivity)          1.308165        0.004529        0.000021        0.938802        0.042734


CORRELATION OF SIMULATED VARIABLES (HP filter, lambda = 1600)
VARIABLE                        c             w             r             y             h             k        invest        lambda  productivity
log(c)                     1.0000        0.9806        0.8949        0.9509        0.9130        0.5380        0.9259        0.9412        0.9806
log(w)                     0.9806        1.0000        0.9649        0.9931        0.9752        0.3626        0.9820        0.9891        1.0000
log(r)                     0.8949        0.9649        1.0000        0.9891        0.9991        0.1053        0.9972        0.9930        0.9649
log(y)                     0.9509        0.9931        0.9891        1.0000        0.9944        0.2507        0.9974        0.9996        0.9931
log(h)                     0.9130        0.9752        0.9991        0.9944        1.0000        0.1473        0.9995        0.9971        0.9752
log(k)                     0.5380        0.3626        0.1053        0.2507        0.1473        1.0000        0.1798        0.2217        0.3626
log(invest)                0.9259        0.9820        0.9972        0.9974        0.9995        0.1798        1.0000        0.9991        0.9820
log(lambda)                0.9412        0.9891        0.9930        0.9996        0.9971        0.2217        0.9991        1.0000        0.9891
log(productivity)          0.9806        1.0000        0.9649        0.9931        0.9752        0.3626        0.9820        0.9891        1.0000


AUTOCORRELATION OF SIMULATED VARIABLES (HP filter, lambda = 1600)
VARIABLE                   1        2        3        4        5
log(c)                0.3362  -0.1411  -0.3901  -0.3359  -0.2727
log(w)                0.3322  -0.1530  -0.3820  -0.3367  -0.2715
log(r)                0.3696  -0.1159  -0.3367  -0.3384  -0.3115
log(y)                0.3432  -0.1436  -0.3663  -0.3374  -0.2835
log(h)                0.3607  -0.1256  -0.3462  -0.3381  -0.3021
log(k)                0.7798   0.4118  -0.0338  -0.3401  -0.5778
log(invest)           0.3545  -0.1322  -0.3531  -0.3379  -0.2955
log(lambda)           0.3474  -0.1394  -0.3612  -0.3376  -0.2881
log(productivity)     0.3322  -0.1530  -0.3820  -0.3367  -0.2715

Economy with divisble labor              
                     	      std(x) 	   corr(y,x) 
output               	 1.36 (0.18) 	 1.00 (0.00) 
consumption          	 0.42 (0.07) 	 0.90 (0.02) 
investment           	 4.23 (0.55) 	 0.99 (0.00) 
capital stock        	 0.36 (0.08) 	 0.36 (0.03) 
hours                	 0.70 (0.09) 	 0.98 (0.00) 
Productivity         	 0.68 (0.10) 	 0.98 (0.00) 
real wage            	 0.68 (0.10) 	 0.97 (0.01) 
real interest rate   	 1.38 (0.18) 	 0.98 (0.00) 

DESVIACIONES RELATIVAS                   
------------------------- 
std(c)/std(y) 	 3.87 
std(I)/std(y) 	 1.94 
std(h)/std(y) 	 1.99 
std(w)/std(y) 	 1.19 
std(h)/std(w) 	 1.67 
corr(h,w)     	 0.90 
std(y) 	 0.36 
------------------------- 
Total computing time : 0h00m01s
Note: warning(s) encountered in MATLAB/Octave code
