Starting Dynare (version 6.1).
Calling Dynare with arguments: none
Starting preprocessing of the model file ... 
Found 11 equation(s). 
Evaluating expressions... 
Computing static model derivatives (order 1). 
Normalizing the static model... 
Finding the optimal block decomposition of the static model... 
5 block(s) found: 
  4 recursive block(s) and 1 simultaneous block(s). 
  the largest simultaneous block has 7 equation(s) 
                                 and 7 feedback variable(s). 
Computing dynamic model derivatives (order 1). 
Normalizing the dynamic model... 
Finding the optimal block decomposition of the dynamic model... 
5 block(s) found: 
  4 recursive block(s) and 1 simultaneous block(s). 
  the largest simultaneous block has 7 equation(s) 
                                 and 7 feedback variable(s). 
Preprocessing completed. 
Preprocessing time: 0h00m00s.

EIGENVALUES:
         Modulus             Real        Imaginary
           0.789            0.789                0
            0.95             0.95                0
          0.9609           0.9609                0
           1.054            1.054                0
       3.523e+16       -3.523e+16                0

There are 2 eigenvalue(s) larger than 1 in modulus for 2 forward-looking variable(s)
The rank condition is verified.


STEADY-STATE RESULTS:

y    		 0.811395
I    		 -0.54961
k    		 3.13927
z    		 0
c    		 0.515139
h    		 -0.498034
w    		 0.863142
r    		 -3.34953
prod 		 1.30943
L    		 -0.93579
x    		 1.80455

MODEL SUMMARY

  Number of variables:         11
  Number of stochastic shocks: 1
  Number of state variables:   3
  Number of jumpers:           2
  Number of static variables:  6


MATRIX OF COVARIANCE OF EXOGENOUS SHOCKS
Variables           e
e            0.000049

POLICY AND TRANSITION FUNCTIONS
                                   y               I               k               z               c               h               w               r            prod               L               x
Constant                    0.811395       -0.549610        3.139269               0        0.515139       -0.498034        0.863142       -3.349525        1.309429       -0.935790        1.804551
k(-1)                       0.200393       -0.915020        0.952124               0        0.585003       -0.249386        0.449779       -0.799607        0.449779        0.135224       -0.024939
z(-1)                       1.378331        4.371720        0.109293        0.950000        0.346168        0.669267        0.709064        1.378331        0.709064       -0.362896        0.066927
x(-1)                      -0.654070       -2.304634       -0.057616               0       -0.084932       -1.021985        0.367915       -0.654070        0.367915       -0.452847        0.797802
e                           1.450875        4.601810        0.115045        1.000000        0.364387        0.704492        0.746383        1.450875        0.746383       -0.381996        0.070449


MOMENTS OF SIMULATED VARIABLES (HP filter, lambda = 1600)
VARIABLE              MEAN       STD. DEV.        VARIANCE        SKEWNESS        KURTOSIS
y                 0.787325        0.011874        0.000141        0.104541        0.097138
I                -0.592298        0.037569        0.001411        0.072315        0.205620
k                 3.117465        0.003009        0.000009        0.296731       -0.863659
z                -0.014982        0.008396        0.000070        0.123119        0.088437
c                 0.497488        0.003553        0.000013        0.222157       -0.401573
h                -0.500272        0.005675        0.000032       -0.004358        0.282366
w                 0.841309        0.006812        0.000046        0.200620       -0.171392
r                -3.352327        0.012060        0.000145        0.045509        0.272960
prod              1.287596        0.006812        0.000046        0.200620       -0.171392
L                -0.931608        0.003447        0.000012       -0.163745        0.056427
x                 1.801674        0.001454        0.000002        0.342970       -0.246149


CORRELATION OF SIMULATED VARIABLES (HP filter, lambda = 1600)
VARIABLE          y        I        k        z        c        h        w        r     prod        L        x
y            1.0000   0.9914   0.3712   0.9991   0.8794   0.9408   0.9593   0.9687   0.9593  -0.9892   0.6836
I            0.9914   1.0000   0.2468   0.9887   0.8097   0.9757   0.9154   0.9928   0.9154  -0.9742   0.5995
k            0.3712   0.2468   1.0000   0.3823   0.7682   0.0474   0.6075   0.1292   0.6075  -0.4086   0.7946
z            0.9991   0.9887   0.3823   1.0000   0.8852   0.9320   0.9651   0.9648   0.9651  -0.9946   0.7083
c            0.8794   0.8097   0.7682   0.8852   1.0000   0.6710   0.9739   0.7339   0.9739  -0.8936   0.8861
h            0.9408   0.9757   0.0474   0.9320   0.6710   1.0000   0.8069   0.9921   0.8069  -0.9028   0.4116
w            0.9593   0.9154   0.6075   0.9651   0.9739   0.8069   1.0000   0.8621   1.0000  -0.9722   0.8487
r            0.9687   0.9928   0.1292   0.9648   0.7339   0.9921   0.8621   1.0000   0.8621  -0.9472   0.5175
prod         0.9593   0.9154   0.6075   0.9651   0.9739   0.8069   1.0000   0.8621   1.0000  -0.9722   0.8487
L           -0.9892  -0.9742  -0.4086  -0.9946  -0.8936  -0.9028  -0.9722  -0.9472  -0.9722   1.0000  -0.7636
x            0.6836   0.5995   0.7946   0.7083   0.8861   0.4116   0.8487   0.5175   0.8487  -0.7636   1.0000


AUTOCORRELATION OF SIMULATED VARIABLES (HP filter, lambda = 1600)
VARIABLE          1        2        3        4        5
y            0.6338   0.3071   0.0253  -0.0280  -0.1032
I            0.6192   0.2833  -0.0018  -0.0467  -0.1179
k            0.9341   0.7996   0.6244   0.4488   0.2833
z            0.6529   0.3364   0.0591  -0.0044  -0.0874
c            0.7597   0.5121   0.2698   0.1596   0.0469
h            0.5815   0.2241  -0.0688  -0.0921  -0.1498
w            0.7194   0.4421   0.1825   0.0855  -0.0192
r            0.6186   0.2818  -0.0019  -0.0447  -0.1163
prod         0.7194   0.4421   0.1825   0.0855  -0.0192
L            0.7003   0.4092   0.1438   0.0553  -0.0465
x            0.9082   0.7318   0.5179   0.3179   0.1359

----------------------------------------------------- 
ESTADÍSTICAS DE LAS VARIABLES*           
----------------------------------------------------- 
                     	      std(x) 	   corr(y,x) 
y                    	 1.26 (0.12) 	 1.00 (0.00) 
I                    	 3.98 (0.36) 	 0.86 (0.04) 
k                    	 0.33 (0.05) 	 0.93 (0.02) 
z                    	 0.90 (0.09) 	 0.71 (0.09) 
c                    	 0.38 (0.04) 	 0.70 (0.06) 
h                    	 0.59 (0.05) 	 0.97 (0.01) 
w                    	 0.73 (0.08) 	 0.59 (0.15) 
r                    	 1.28 (0.12) 	 0.97 (0.01) 
prod                 	 0.73 (0.08) 	 0.99 (0.00) 
L                    	 0.38 (0.04) 	 -0.86 (0.05) 
x                    	 0.16 (0.02) 	 0.83 (0.05) 
----------------------------------------------------- 

------------------------- 
DESVIACIONES RELATIVAS*                  
------------------------- 
std(c)/std(y) 	 0.30 
std(I)/std(y) 	 3.16 
std(h)/std(y) 	 0.47 
std(w)/std(y) 	 0.58 
std(h)/std(w) 	 0.81 
corr(h,w)     	 0.86 
------------------------- 

* Nota:                                  
----------------------------------------------------- 
- N° de Simulaciones consideradas: 9500 de 10000 
- N° de Periodos: 200
----------------------------------------------------- 
Total computing time : 0h00m16s
