Starting Dynare (version 6.1).
Calling Dynare with arguments: none
Starting preprocessing of the model file ... 
Found 12 equation(s). 
Evaluating expressions... 
Computing static model derivatives (order 1). 
Normalizing the static model... 
Finding the optimal block decomposition of the static model... 
4 block(s) found: 
  3 recursive block(s) and 1 simultaneous block(s). 
  the largest simultaneous block has 9 equation(s) 
                                 and 9 feedback variable(s). 
Computing dynamic model derivatives (order 1). 
Normalizing the dynamic model... 
Finding the optimal block decomposition of the dynamic model... 
3 block(s) found: 
  2 recursive block(s) and 1 simultaneous block(s). 
  the largest simultaneous block has 9 equation(s) 
                                 and 8 feedback variable(s). 
Preprocessing completed. 
Preprocessing time: 0h00m00s.

STEADY-STATE RESULTS:

c      		 0.108193
h      		 0.00708333
k      		 1.22235
y      		 0.395969
a      		 0
i      		 -1.08023
r      		 -3.21784
d      		 0.800267
lambda 		 1.73568
tb     		 0.0215665
ca     		 0
pr     		 4.16017e-05

------------------------------------------------------------------------- 
TABLA 3: Std. dev y correlación - Modelo 2: Debt elastic interest rate  
------------------------------------------------------------------------- 
Variable 	 Std Dev	 Auto Corr 	Corr con y
------------------------------------------------------------------------- 
 y  	  	  3.1  	  	 0.62 	 	  1.00
 c  	  	  2.7  	  	 0.78 	 	  0.85
 i  	  	  9.0  	  	 0.07 	 	  0.67
 h  	  	  2.1  	  	 0.62 	 	  1.00
 tb/y  	  	  1.8  	  	 0.50 	 	  -0.05
 ca/y  	  	  1.5  	  	 0.32 	 	  0.05
------------------------------------------------------------------------- 
Total computing time : 0h00m00s
