Starting Dynare (version 6.0).
Calling Dynare with arguments: none
Starting preprocessing of the model file ... 
Found 11 equation(s). 
Evaluating expressions... 
Computing static model derivatives (order 1). 
Normalizing the static model... 
Finding the optimal block decomposition of the static model... 
6 block(s) found: 
  5 recursive block(s) and 1 simultaneous block(s). 
  the largest simultaneous block has 5 equation(s) 
                                 and 5 feedback variable(s). 
Computing dynamic model derivatives (order 2). 
Normalizing the dynamic model... 
Finding the optimal block decomposition of the dynamic model... 
4 block(s) found: 
  3 recursive block(s) and 1 simultaneous block(s). 
  the largest simultaneous block has 5 equation(s) 
                                 and 3 feedback variable(s). 
Preprocessing completed. 
Preprocessing time: 0h00m00s.

----------------------------------------------------- 
TABLA 4.1.1: Shock tecnológico*          
----------------------------------------------------- 
phi_pi           1.5            1.5            5.0            1.5   
phi_y          0.125          0.000          0.000          1.000   
y             1.8530         2.0746         2.2592         1.0601   
y_tilda       0.4412         0.2195         0.0350         1.2340   
pi            0.6949         0.3458         0.0551         1.9435   
L             1.0203         0.2526         0.0064         7.9823   

----------------------------------------------------- 
TABLA 4.1.2: Shock de preferencias*      
----------------------------------------------------- 
phi_pi           1.5            1.5            5.0            1.5   
phi_y          0.125          0.000          0.000          1.000   
y             0.5983         0.6874         0.2845         0.3138   
y_tilda       0.5983         0.6874         0.2845         0.3138   
pi            0.2034         0.2337         0.0967         0.1067   
L             0.1011         0.1334         0.0228         0.0278   
Total computing time : 0h00m01s
